<?xml version="1.0" encoding="UTF-8"?>
<testsuite name="com.ps.objectorienteddesign.ObjectOrientedDesignApplicationTests" tests="1" skipped="0" failures="0" errors="0" timestamp="2025-03-02T17:07:50" hostname="MacBook-Air-de-PS.local" time="0.343">
  <properties/>
  <testcase name="contextLoads()" classname="com.ps.objectorienteddesign.ObjectOrientedDesignApplicationTests" time="0.343"/>
  <system-out><![CDATA[02:07:49.654 [Test worker] INFO org.springframework.test.context.support.AnnotationConfigContextLoaderUtils -- Could not detect default configuration classes for test class [com.ps.objectorienteddesign.ObjectOrientedDesignApplicationTests]: ObjectOrientedDesignApplicationTests does not declare any static, non-private, non-final, nested classes annotated with @Configuration.
02:07:49.695 [Test worker] INFO org.springframework.boot.test.context.SpringBootTestContextBootstrapper -- Found @SpringBootConfiguration com.ps.objectorienteddesign.ObjectOrientedDesignApplication for test class com.ps.objectorienteddesign.ObjectOrientedDesignApplicationTests

  .   ____          _            __ _ _
 /\\ / ___'_ __ _ _(_)_ __  __ _ \ \ \ \
( ( )\___ | '_ | '_| | '_ \/ _` | \ \ \ \
 \\/  ___)| |_)| | | | | || (_| |  ) ) ) )
  '  |____| .__|_| |_|_| |_\__, | / / / /
 =========|_|==============|___/=/_/_/_/

 :: Spring Boot ::                (v3.4.3)

2025-03-03T02:07:49.860+09:00  INFO 45729 --- [object-oriented-design] [    Test worker] p.o.ObjectOrientedDesignApplicationTests : Starting ObjectOrientedDesignApplicationTests using Java 17.0.13 with PID 45729 (started by ps in /Users/ps/workspace/CleanCode/better-code-lab/object-oriented-design)
2025-03-03T02:07:49.861+09:00  INFO 45729 --- [object-oriented-design] [    Test worker] p.o.ObjectOrientedDesignApplicationTests : No active profile set, falling back to 1 default profile: "default"
2025-03-03T02:07:50.310+09:00  INFO 45729 --- [object-oriented-design] [    Test worker] p.o.ObjectOrientedDesignApplicationTests : Started ObjectOrientedDesignApplicationTests in 0.558 seconds (process running for 1.014)
]]></system-out>
  <system-err><![CDATA[]]></system-err>
</testsuite>
