<?xml version="1.0" encoding="UTF-8"?>
<testsuite name="com.ps.cleanarchitecture.CleanArchitectureApplicationTests" tests="1" skipped="0" failures="0" errors="0" timestamp="2025-03-02T17:07:47" hostname="MacBook-Air-de-PS.local" time="0.371">
  <properties/>
  <testcase name="contextLoads()" classname="com.ps.cleanarchitecture.CleanArchitectureApplicationTests" time="0.371"/>
  <system-out><![CDATA[02:07:46.634 [Test worker] INFO org.springframework.test.context.support.AnnotationConfigContextLoaderUtils -- Could not detect default configuration classes for test class [com.ps.cleanarchitecture.CleanArchitectureApplicationTests]: CleanArchitectureApplicationTests does not declare any static, non-private, non-final, nested classes annotated with @Configuration.
02:07:46.684 [Test worker] INFO org.springframework.boot.test.context.SpringBootTestContextBootstrapper -- Found @SpringBootConfiguration com.ps.cleanarchitecture.CleanArchitectureApplication for test class com.ps.cleanarchitecture.CleanArchitectureApplicationTests

  .   ____          _            __ _ _
 /\\ / ___'_ __ _ _(_)_ __  __ _ \ \ \ \
( ( )\___ | '_ | '_| | '_ \/ _` | \ \ \ \
 \\/  ___)| |_)| | | | | || (_| |  ) ) ) )
  '  |____| .__|_| |_|_| |_\__, | / / / /
 =========|_|==============|___/=/_/_/_/

 :: Spring Boot ::                (v3.4.3)

2025-03-03T02:07:46.874+09:00  INFO 45711 --- [clean-architecture] [    Test worker] c.p.c.CleanArchitectureApplicationTests  : Starting CleanArchitectureApplicationTests using Java 17.0.13 with PID 45711 (started by ps in /Users/ps/workspace/CleanCode/better-code-lab/clean-architecture)
2025-03-03T02:07:46.875+09:00  INFO 45711 --- [clean-architecture] [    Test worker] c.p.c.CleanArchitectureApplicationTests  : No active profile set, falling back to 1 default profile: "default"
2025-03-03T02:07:47.369+09:00  INFO 45711 --- [clean-architecture] [    Test worker] c.p.c.CleanArchitectureApplicationTests  : Started CleanArchitectureApplicationTests in 0.613 seconds (process running for 1.092)
]]></system-out>
  <system-err><![CDATA[]]></system-err>
</testsuite>
