<?xml version="1.0" encoding="UTF-8"?>
<testsuite name="org.eternity.reservation.service.ReservationServiceTest" tests="2" skipped="0" failures="0" errors="0" timestamp="2025-03-02T17:08:21" hostname="MacBook-Air-de-PS.local" time="0.517">
  <properties/>
  <testcase name="비율할인정책_계산()" classname="org.eternity.reservation.service.ReservationServiceTest" time="0.512"/>
  <testcase name="금액할인정책_계산()" classname="org.eternity.reservation.service.ReservationServiceTest" time="0.004"/>
  <system-out><![CDATA[]]></system-out>
  <system-err><![CDATA[]]></system-err>
</testsuite>
